<?xml version="1.0" encoding="UTF-8"?>
<testsuite xmlns:xsi="http://www.w3.org/2001/XMLSchema-instance" xsi:noNamespaceSchemaLocation="https://maven.apache.org/surefire/maven-surefire-plugin/xsd/surefire-test-report.xsd" name="com.dinghai.AppTest" time="0.038" tests="1" errors="0" skipped="0" failures="0">
  <properties>
    <property name="sun.desktop" value="gnome"/>
    <property name="awt.toolkit" value="sun.awt.X11.XToolkit"/>
    <property name="file.encoding.pkg" value="sun.io"/>
    <property name="java.specification.version" value="1.8"/>
    <property name="sun.cpu.isalist" value=""/>
    <property name="sun.jnu.encoding" value="UTF-8"/>
    <property name="java.class.path" value="/home/dh/projects/JavaProjects/IDEAProject/dhrpc/rpc-common/target/test-classes:/home/dh/projects/JavaProjects/IDEAProject/dhrpc/rpc-common/target/classes:/home/dh/.m2/repository/junit/junit/4.11/junit-4.11.jar:/home/dh/.m2/repository/org/hamcrest/hamcrest-core/1.3/hamcrest-core-1.3.jar:/home/dh/.m2/repository/org/springframework/spring-context/5.0.6.RELEASE/spring-context-5.0.6.RELEASE.jar:/home/dh/.m2/repository/org/springframework/spring-aop/5.0.6.RELEASE/spring-aop-5.0.6.RELEASE.jar:/home/dh/.m2/repository/org/springframework/spring-beans/5.0.6.RELEASE/spring-beans-5.0.6.RELEASE.jar:/home/dh/.m2/repository/org/springframework/spring-core/5.0.6.RELEASE/spring-core-5.0.6.RELEASE.jar:/home/dh/.m2/repository/org/springframework/spring-jcl/5.0.6.RELEASE/spring-jcl-5.0.6.RELEASE.jar:/home/dh/.m2/repository/org/springframework/spring-expression/5.0.6.RELEASE/spring-expression-5.0.6.RELEASE.jar:/home/dh/.m2/repository/org/msgpack/msgpack-core/0.8.16/msgpack-core-0.8.16.jar:/home/dh/.m2/repository/org/msgpack/jackson-dataformat-msgpack/0.8.16/jackson-dataformat-msgpack-0.8.16.jar:/home/dh/.m2/repository/com/fasterxml/jackson/core/jackson-databind/2.8.11.1/jackson-databind-2.8.11.1.jar:/home/dh/.m2/repository/com/fasterxml/jackson/core/jackson-annotations/2.8.0/jackson-annotations-2.8.0.jar:/home/dh/.m2/repository/com/fasterxml/jackson/core/jackson-core/2.8.10/jackson-core-2.8.10.jar:"/>
    <property name="java.vm.vendor" value="Oracle Corporation"/>
    <property name="sun.arch.data.model" value="64"/>
    <property name="java.vendor.url" value="http://java.oracle.com/"/>
    <property name="user.timezone" value=""/>
    <property name="java.vm.specification.version" value="1.8"/>
    <property name="os.name" value="Linux"/>
    <property name="user.country" value="CN"/>
    <property name="sun.java.launcher" value="SUN_STANDARD"/>
    <property name="sun.boot.library.path" value="/home/dh/software/jdk1.8.0_144/jre/lib/amd64"/>
    <property name="sun.java.command" value="/home/dh/projects/JavaProjects/IDEAProject/dhrpc/rpc-common/target/surefire/surefirebooter7654362293221196909.jar /home/dh/projects/JavaProjects/IDEAProject/dhrpc/rpc-common/target/surefire 2019-02-22T15-47-34_846-jvmRun1 surefire5040204119927271320tmp surefire_07973552014744006100tmp"/>
    <property name="surefire.test.class.path" value="/home/dh/projects/JavaProjects/IDEAProject/dhrpc/rpc-common/target/test-classes:/home/dh/projects/JavaProjects/IDEAProject/dhrpc/rpc-common/target/classes:/home/dh/.m2/repository/junit/junit/4.11/junit-4.11.jar:/home/dh/.m2/repository/org/hamcrest/hamcrest-core/1.3/hamcrest-core-1.3.jar:/home/dh/.m2/repository/org/springframework/spring-context/5.0.6.RELEASE/spring-context-5.0.6.RELEASE.jar:/home/dh/.m2/repository/org/springframework/spring-aop/5.0.6.RELEASE/spring-aop-5.0.6.RELEASE.jar:/home/dh/.m2/repository/org/springframework/spring-beans/5.0.6.RELEASE/spring-beans-5.0.6.RELEASE.jar:/home/dh/.m2/repository/org/springframework/spring-core/5.0.6.RELEASE/spring-core-5.0.6.RELEASE.jar:/home/dh/.m2/repository/org/springframework/spring-jcl/5.0.6.RELEASE/spring-jcl-5.0.6.RELEASE.jar:/home/dh/.m2/repository/org/springframework/spring-expression/5.0.6.RELEASE/spring-expression-5.0.6.RELEASE.jar:/home/dh/.m2/repository/org/msgpack/msgpack-core/0.8.16/msgpack-core-0.8.16.jar:/home/dh/.m2/repository/org/msgpack/jackson-dataformat-msgpack/0.8.16/jackson-dataformat-msgpack-0.8.16.jar:/home/dh/.m2/repository/com/fasterxml/jackson/core/jackson-databind/2.8.11.1/jackson-databind-2.8.11.1.jar:/home/dh/.m2/repository/com/fasterxml/jackson/core/jackson-annotations/2.8.0/jackson-annotations-2.8.0.jar:/home/dh/.m2/repository/com/fasterxml/jackson/core/jackson-core/2.8.10/jackson-core-2.8.10.jar:"/>
    <property name="sun.cpu.endian" value="little"/>
    <property name="user.home" value="/home/dh"/>
    <property name="user.language" value="zh"/>
    <property name="java.specification.vendor" value="Oracle Corporation"/>
    <property name="java.home" value="/home/dh/software/jdk1.8.0_144/jre"/>
    <property name="basedir" value="/home/dh/projects/JavaProjects/IDEAProject/dhrpc/rpc-common"/>
    <property name="file.separator" value="/"/>
    <property name="line.separator" value="&#10;"/>
    <property name="java.vm.specification.vendor" value="Oracle Corporation"/>
    <property name="java.specification.name" value="Java Platform API Specification"/>
    <property name="java.awt.graphicsenv" value="sun.awt.X11GraphicsEnvironment"/>
    <property name="surefire.real.class.path" value="/home/dh/projects/JavaProjects/IDEAProject/dhrpc/rpc-common/target/surefire/surefirebooter7654362293221196909.jar"/>
    <property name="sun.boot.class.path" value="/home/dh/software/jdk1.8.0_144/jre/lib/resources.jar:/home/dh/software/jdk1.8.0_144/jre/lib/rt.jar:/home/dh/software/jdk1.8.0_144/jre/lib/sunrsasign.jar:/home/dh/software/jdk1.8.0_144/jre/lib/jsse.jar:/home/dh/software/jdk1.8.0_144/jre/lib/jce.jar:/home/dh/software/jdk1.8.0_144/jre/lib/charsets.jar:/home/dh/software/jdk1.8.0_144/jre/lib/jfr.jar:/home/dh/software/jdk1.8.0_144/jre/classes"/>
    <property name="sun.management.compiler" value="HotSpot 64-Bit Tiered Compilers"/>
    <property name="java.runtime.version" value="1.8.0_144-b01"/>
    <property name="user.name" value="dh"/>
    <property name="path.separator" value=":"/>
    <property name="os.version" value="4.15.0-45-generic"/>
    <property name="java.endorsed.dirs" value="/home/dh/software/jdk1.8.0_144/jre/lib/endorsed"/>
    <property name="java.runtime.name" value="Java(TM) SE Runtime Environment"/>
    <property name="file.encoding" value="UTF-8"/>
    <property name="java.vm.name" value="Java HotSpot(TM) 64-Bit Server VM"/>
    <property name="localRepository" value="/home/dh/.m2/repository"/>
    <property name="java.vendor.url.bug" value="http://bugreport.sun.com/bugreport/"/>
    <property name="java.io.tmpdir" value="/tmp"/>
    <property name="idea.version" value="2017.2.6"/>
    <property name="java.version" value="1.8.0_144"/>
    <property name="user.dir" value="/home/dh/projects/JavaProjects/IDEAProject/dhrpc/rpc-common"/>
    <property name="os.arch" value="amd64"/>
    <property name="java.vm.specification.name" value="Java Virtual Machine Specification"/>
    <property name="java.awt.printerjob" value="sun.print.PSPrinterJob"/>
    <property name="sun.os.patch.level" value="unknown"/>
    <property name="java.library.path" value="/usr/java/packages/lib/amd64:/usr/lib64:/lib64:/lib:/usr/lib"/>
    <property name="java.vm.info" value="mixed mode"/>
    <property name="java.vendor" value="Oracle Corporation"/>
    <property name="java.vm.version" value="25.144-b01"/>
    <property name="java.ext.dirs" value="/home/dh/software/jdk1.8.0_144/jre/lib/ext:/usr/java/packages/lib/ext"/>
    <property name="sun.io.unicode.encoding" value="UnicodeLittle"/>
    <property name="java.class.version" value="52.0"/>
  </properties>
  <testcase name="shouldAnswerWithTrue" classname="com.dinghai.AppTest" time="0.001"/>
</testsuite>